<?xml version="1.0" encoding="UTF-8"?>
<testng-results skipped="0" failed="0" ignored="1" total="2" passed="1">
  <reporter-output>
  </reporter-output>
  <suite name="Surefire suite" duration-ms="16296" started-at="2021-01-05T18:40:02 IST" finished-at="2021-01-05T18:40:18 IST">
    <groups>
    </groups>
    <test name="Surefire test" duration-ms="16296" started-at="2021-01-05T18:40:02 IST" finished-at="2021-01-05T18:40:18 IST">
      <class name="selenium.TestHealenium">
        <test-method status="PASS" signature="setUp()[pri:0, instance:selenium.TestHealenium@6093dd95]" name="setUp" is-config="true" duration-ms="3207" started-at="2021-01-05T18:40:02 IST" finished-at="2021-01-05T18:40:05 IST">
          <reporter-output>
          </reporter-output>
        </test-method> <!-- setUp -->
        <test-method status="PASS" signature="login()[pri:0, instance:selenium.TestHealenium@6093dd95]" name="login" duration-ms="13023" started-at="2021-01-05T18:40:05 IST" finished-at="2021-01-05T18:40:18 IST">
          <reporter-output>
          </reporter-output>
        </test-method> <!-- login -->
      </class> <!-- selenium.TestHealenium -->
    </test> <!-- Surefire test -->
  </suite> <!-- Surefire suite -->
</testng-results>
