<?xml version="1.0" encoding="UTF-8"?>
<!-- Generated by org.testng.reporters.JUnitXMLReporter -->
<testsuite hostname="qainfotech-Latitude-3490" ignored="1" name="Surefire test" tests="1" failures="0" timestamp="2021-01-05T18:40:18 IST" time="16.296" errors="0">
  <testcase name="login" time="13.023" classname="selenium.TestHealenium"/>
  <testcase name="@BeforeTest setUp" time="0.0" classname="selenium.BaseTest">
    <ignored/>
  </testcase> <!-- @BeforeTest setUp -->
</testsuite> <!-- Surefire test -->
